This file contains any messages produced by compilers while
running configure, to aid debugging if configure makes a mistake.

It was created by configure, which was
generated by GNU Autoconf 2.71.  Invocation command line was

  $ ./configure

## --------- ##
## Platform. ##
## --------- ##

hostname = Plankline-1
uname -m = x86_64
uname -r = 5.15.0-25-generic
uname -s = Linux
uname -v = #25-Ubuntu SMP Wed Mar 30 15:54:22 UTC 2022

/usr/bin/uname -p = x86_64
/bin/uname -X     = unknown

/bin/arch              = x86_64
/usr/bin/arch -k       = unknown
/usr/convex/getsysinfo = unknown
/usr/bin/hostinfo      = unknown
/bin/machine           = unknown
/usr/bin/oslevel       = unknown
/bin/universe          = unknown

PATH: /home/plankline/.local/bin/
PATH: /usr/local/sbin/
PATH: /usr/local/bin/
PATH: /usr/sbin/
PATH: /usr/bin/
PATH: /sbin/
PATH: /bin/
PATH: /usr/games/
PATH: /usr/local/games/
PATH: /snap/bin/
PATH: /snap/bin/


## ----------- ##
## Core tests. ##
## ----------- ##

configure:2393: checking for a Python interpreter with version >= 3.4
configure:2411: python -c import sys # split strings by '.' and convert to numeric. Append some zeros # because we need at least 4 digits for the hex conversion. # map returns an iterator in Python 3.0 and a list in 2.x minver = list(map(int, '3.4'.split('.'))) + [0, 0, 0] minverhex = 0 # xrange is not present in Python 3.0 and range returns an iterator for i in list(range(0, 4)): minverhex = (minverhex << 8) + minver[i] sys.exit(sys.hexversion < minverhex)
configure:2414: $? = 0
configure:2421: result: python
configure:2429: checking for python
configure:2452: found /usr/bin/python
configure:2464: result: /usr/bin/python
configure:2481: checking for python version
configure:2489: result: 3.10
configure:2494: checking for python platform
configure:2502: result: linux
configure:2563: checking for GNU default python prefix
configure:2565: result: ${prefix}
configure:2631: checking for GNU default python exec_prefix
configure:2633: result: ${exec_prefix}
configure:2664: checking for python script directory (pythondir)
configure:2706: result: ${PYTHON_PREFIX}/lib/python3.10/site-packages
configure:2714: checking for python extension module directory (pyexecdir)
configure:2756: result: ${PYTHON_EXEC_PREFIX}/lib/python3.10/site-packages
configure:2782: checking for python
configure:2817: result: /usr/bin/python
configure:2831: checking for Python 'os' library
configure:2859: chmod +x conftest.py && cp conftest.py conftest >&5
configure:2859: $? = 0
configure:2859: ./conftest
configure:2859: $? = 0
configure:2876: result: yes
configure:2884: checking for Python 'sys' library
configure:2912: chmod +x conftest.py && cp conftest.py conftest >&5
configure:2912: $? = 0
configure:2912: ./conftest
configure:2912: $? = 0
configure:2929: result: yes
configure:2937: checking for Python 'subprocess' library
configure:2965: chmod +x conftest.py && cp conftest.py conftest >&5
configure:2965: $? = 0
configure:2965: ./conftest
configure:2965: $? = 0
configure:2982: result: yes
configure:2990: checking for Python 'fnmatch' library
configure:3018: chmod +x conftest.py && cp conftest.py conftest >&5
configure:3018: $? = 0
configure:3018: ./conftest
configure:3018: $? = 0
configure:3035: result: yes
configure:3043: checking for Python 'datetime' library
configure:3071: chmod +x conftest.py && cp conftest.py conftest >&5
configure:3071: $? = 0
configure:3071: ./conftest
configure:3071: $? = 0
configure:3088: result: yes
configure:3096: checking for Python 'configparser' library
configure:3124: chmod +x conftest.py && cp conftest.py conftest >&5
configure:3124: $? = 0
configure:3124: ./conftest
configure:3124: $? = 0
configure:3141: result: yes
configure:3149: checking for Python 'shutil' library
configure:3177: chmod +x conftest.py && cp conftest.py conftest >&5
configure:3177: $? = 0
configure:3177: ./conftest
configure:3177: $? = 0
configure:3194: result: yes
configure:3202: checking for Python 'cv2' library
configure:3230: chmod +x conftest.py && cp conftest.py conftest >&5
configure:3230: $? = 0
configure:3230: ./conftest
configure:3230: $? = 0
configure:3247: result: yes
configure:3255: checking for Python 'skimage' library
configure:3283: chmod +x conftest.py && cp conftest.py conftest >&5
configure:3283: $? = 0
configure:3283: ./conftest
configure:3283: $? = 1
configure: program exited with status 1
configure: failed program was:
| #!/usr/bin/python
| import sys
| try:
|     import skimage
| except:
|     sys.exit(1)
| else:
|     sys.exit(0)
| 
| 
configure:3300: result: no
configure:3304: error: Module skimage is was not found please install or add to your pythonpath before continuing

## ---------------- ##
## Cache variables. ##
## ---------------- ##

ac_cv_env_CCC_set=
ac_cv_env_CCC_value=
ac_cv_env_CPPFLAGS_set=
ac_cv_env_CPPFLAGS_value=
ac_cv_env_CXXFLAGS_set=
ac_cv_env_CXXFLAGS_value=
ac_cv_env_CXX_set=
ac_cv_env_CXX_value=
ac_cv_env_LDFLAGS_set=
ac_cv_env_LDFLAGS_value=
ac_cv_env_LIBS_set=
ac_cv_env_LIBS_value=
ac_cv_env_PYTHON_set=
ac_cv_env_PYTHON_value=
ac_cv_env_build_alias_set=
ac_cv_env_build_alias_value=
ac_cv_env_host_alias_set=
ac_cv_env_host_alias_value=
ac_cv_env_target_alias_set=
ac_cv_env_target_alias_value=
ac_cv_path_PYTHON=/usr/bin/python
am_cv_pathless_PYTHON=python
am_cv_python_platform=linux
am_cv_python_pyexecdir='${PYTHON_EXEC_PREFIX}/lib/python3.10/site-packages'
am_cv_python_pythondir='${PYTHON_PREFIX}/lib/python3.10/site-packages'
am_cv_python_version=3.10
pc_cv_python_module_configparser=yes
pc_cv_python_module_cv2=yes
pc_cv_python_module_datetime=yes
pc_cv_python_module_fnmatch=yes
pc_cv_python_module_os=yes
pc_cv_python_module_shutil=yes
pc_cv_python_module_skimage=no
pc_cv_python_module_subprocess=yes
pc_cv_python_module_sys=yes

## ----------------- ##
## Output variables. ##
## ----------------- ##

ARCHITECTURE=''
AWK=''
BASHPROG=''
CP=''
CPPFLAGS=''
CXX=''
CXXFLAGS=''
DEFS=''
ECHO_C=''
ECHO_N='-n'
ECHO_T=''
EXEEXT=''
FFMPEG=''
FFPROBE=''
ISIIS_SCNN=''
ISIIS_SEG_FF=''
LDFLAGS=''
LIBOBJS=''
LIBS=''
LTLIBOBJS=''
MKDIR=''
NOHUP=''
OBJEXT=''
PACKAGE_BUGREPORT=''
PACKAGE_NAME=''
PACKAGE_STRING=''
PACKAGE_TARNAME=''
PACKAGE_URL=''
PACKAGE_VERSION=''
PATH_SEPARATOR=':'
PYTHON='/usr/bin/python'
PYTHON_EXEC_PREFIX='${exec_prefix}'
PYTHON_PLATFORM='linux'
PYTHON_PREFIX='${prefix}'
PYTHON_VERSION='3.10'
RM=''
RSYNC=''
SHELL='/bin/bash'
SSH=''
TAR=''
TOUCH=''
X86_FALSE=''
X86_TRUE=''
ac_ct_CXX=''
bindir='${exec_prefix}/bin'
build_alias=''
datadir='${datarootdir}'
datarootdir='${prefix}/share'
docdir='${datarootdir}/doc/${PACKAGE}'
dvidir='${docdir}'
exec_prefix='NONE'
host_alias=''
htmldir='${docdir}'
includedir='${prefix}/include'
infodir='${datarootdir}/info'
libdir='${exec_prefix}/lib'
libexecdir='${exec_prefix}/libexec'
localedir='${datarootdir}/locale'
localstatedir='${prefix}/var'
mandir='${datarootdir}/man'
oldincludedir='/usr/include'
pdfdir='${docdir}'
pkgpyexecdir='${pyexecdir}/'
pkgpythondir='${pythondir}/'
prefix='NONE'
program_transform_name='s,x,x,'
psdir='${docdir}'
pyexecdir='${PYTHON_EXEC_PREFIX}/lib/python3.10/site-packages'
pythondir='${PYTHON_PREFIX}/lib/python3.10/site-packages'
runstatedir='${localstatedir}/run'
sbindir='${exec_prefix}/sbin'
sharedstatedir='${prefix}/com'
sysconfdir='${prefix}/etc'
target_alias=''

## ----------- ##
## confdefs.h. ##
## ----------- ##

/* confdefs.h */
#define PACKAGE_NAME ""
#define PACKAGE_TARNAME ""
#define PACKAGE_VERSION ""
#define PACKAGE_STRING ""
#define PACKAGE_BUGREPORT ""
#define PACKAGE_URL ""

configure: exit 1
