\BOOKMARK [0][-]{chapter.1}{\376\377\0001\000\040\0001\000.\000\040\000R\000e\000c\000o\000m\000m\000e\000n\000d\000e\000d\000\040\000I\000n\000s\000t\000a\000l\000l\000s}{}% 1
\BOOKMARK [1][-]{subsection.1.0.1}{\376\377\0001\000.\0000\000.\0001\000\040\0001\000.\0001\000\040\000C\000o\000m\000p\000i\000l\000e\000\040\000a\000n\000d\000\040\000I\000n\000s\000t\000a\000l\000l\000\040\000O\000p\000e\000n\000C\000V\000\040\0003\000.\0004}{chapter.1}% 2
\BOOKMARK [1][-]{section.1.1}{\376\377\0001\000.\0001\000\040\0002\000.\000\040\000N\000V\000I\000D\000I\000A\000\040\000C\000U\000D\000A}{chapter.1}% 3
\BOOKMARK [2][-]{subsection.1.1.1}{\376\377\0001\000.\0001\000.\0001\000\040\000I\000n\000s\000t\000a\000l\000l\000\040\000R\000S\000t\000u\000d\000i\000o\000\040\000S\000e\000r\000v\000e\000r}{section.1.1}% 4
\BOOKMARK [2][-]{subsection.1.1.2}{\376\377\0001\000.\0001\000.\0002\000\040\000I\000n\000s\000t\000a\000l\000l\000\040\000N\000e\000t\000d\000a\000t\000a}{section.1.1}% 5
\BOOKMARK [1][-]{section.1.2}{\376\377\0001\000.\0002\000\040\000L\000i\000n\000u\000x\000\040\000R\000e\000f\000e\000r\000e\000n\000c\000e\000\040\000G\000u\000i\000d\000e}{chapter.1}% 6
\BOOKMARK [2][-]{subsection.1.2.1}{\376\377\0001\000.\0002\000.\0001\000\040\0001\000.\000\040\000I\000n\000t\000r\000o\000d\000u\000c\000t\000i\000o\000n\000\040\000t\000o\000\040\000w\000o\000r\000k\000i\000n\000g\000\040\000w\000i\000t\000h\000\040\000L\000i\000n\000u\000x}{section.1.2}% 7
\BOOKMARK [2][-]{subsection.1.2.2}{\376\377\0001\000.\0002\000.\0002\000\040\0002\000.\000\040\000C\000o\000m\000m\000o\000n\000\040\000c\000o\000m\000m\000a\000n\000d\000s\000\040\000a\000n\000d\000\040\000a\000c\000t\000i\000v\000i\000t\000i\000e\000s}{section.1.2}% 8
\BOOKMARK [2][-]{subsection.1.2.3}{\376\377\0001\000.\0002\000.\0003\000\040\0003\000.\000\040\000M\000i\000s\000c\000\040\000S\000e\000t\000u\000p}{section.1.2}% 9
\BOOKMARK [2][-]{subsection.1.2.4}{\376\377\0001\000.\0002\000.\0004\000\040\0004\000.\000\040\000S\000e\000t\000u\000p\000\040\000B\000a\000c\000k\000u\000p\000s}{section.1.2}% 10
\BOOKMARK [2][-]{subsection.1.2.5}{\376\377\0001\000.\0002\000.\0005\000\040\0005\000.\000\040\000N\000e\000t\000w\000o\000r\000k\000i\000n\000g}{section.1.2}% 11
\BOOKMARK [2][-]{subsection.1.2.6}{\376\377\0001\000.\0002\000.\0006\000\040\0006\000.\000\040\000M\000i\000s\000c\000\040\000L\000i\000n\000u\000x\000\040\000T\000a\000s\000k\000s}{section.1.2}% 12
\BOOKMARK [1][-]{section.1.3}{\376\377\0001\000.\0003\000\040\000P\000e\000r\000f\000o\000r\000m\000a\000n\000c\000e\000\040\000T\000e\000s\000t\000i\000n\000g}{chapter.1}% 13
\BOOKMARK [2][-]{subsection.1.3.1}{\376\377\0001\000.\0003\000.\0001\000\040\000D\000i\000s\000k\000\040\000s\000p\000e\000e\000d}{section.1.3}% 14
\BOOKMARK [0][-]{chapter.2}{\376\377\0002\000\040\000N\000o\000t\000e\000s\000\040\000o\000n\000\040\000t\000h\000e\000\040\000i\000n\000s\000t\000a\000l\000l\000a\000t\000i\000o\000n\000\040\000a\000n\000d\000\040\000u\000s\000e\000\040\000o\000f\000\040\000m\000o\000r\000p\000h\000o\000c\000l\000u\000s\000t\000e\000r\000\040\000a\000t\000\040\000U\000A\000F}{}% 15
\BOOKMARK [1][-]{section.2.1}{\376\377\0002\000.\0001\000\040\000I\000n\000s\000t\000a\000l\000l\000a\000t\000i\000o\000n}{chapter.2}% 16
\BOOKMARK [1][-]{section.2.2}{\376\377\0002\000.\0002\000\040\000A\000c\000t\000i\000v\000a\000t\000e\000\040\000c\000o\000n\000d\000a\000\040\000e\000n\000v\000i\000r\000o\000n\000m\000e\000n\000t}{chapter.2}% 17
\BOOKMARK [1][-]{section.2.3}{\376\377\0002\000.\0003\000\040\000C\000r\000e\000a\000t\000e\000\040\000a\000\040\000u\000s\000e\000r\000\040\000a\000c\000c\000o\000u\000n\000t}{chapter.2}% 18
\BOOKMARK [2][-]{subsection.2.3.1}{\376\377\0002\000.\0003\000.\0001\000\040\000R\000u\000n\000n\000i\000n\000g}{section.2.3}% 19
\BOOKMARK [2][-]{subsection.2.3.2}{\376\377\0002\000.\0003\000.\0002\000\040\000T\000r\000o\000u\000b\000l\000e\000s\000h\000o\000o\000t\000i\000n\000g\000\040\000a\000n\000d\000\040\000M\000i\000s\000c}{section.2.3}% 20
\BOOKMARK [3][-]{subsubsection.2.3.2.1}{\376\377\0002\000.\0003\000.\0002\000.\0001\000\040\000D\000o\000c\000k\000e\000r\000\040\000h\000i\000n\000t\000s}{subsection.2.3.2}% 21
\BOOKMARK [0][-]{chapter.3}{\376\377\0003\000\040\000P\000l\000a\000n\000k\000l\000i\000n\000e\000\040\000S\000e\000t\000u\000p}{}% 22
\BOOKMARK [1][-]{subsection.3.0.1}{\376\377\0003\000.\0000\000.\0001\000\040\0001\000.\000\040\000S\000e\000g\000m\000e\000n\000t\000a\000t\000i\000o\000n}{chapter.3}% 23
\BOOKMARK [2][-]{subsection.3.0.2}{\376\377\0003\000.\0000\000.\0002\000\040\0002\000.\000\040\000S\000C\000N\000N}{subsection.3.0.1}% 24
\BOOKMARK [3][-]{subsubsection.3.0.2.1}{\376\377\0003\000.\0000\000.\0002\000.\0001\000\040\0002\000.\0001\000\040\000T\000r\000a\000i\000n\000i\000n\000g\000\040\000a\000\040\000N\000e\000u\000r\000a\000l\000\040\000N\000e\000t\000w\000o\000r\000k}{subsection.3.0.2}% 25
\BOOKMARK [2][-]{subsection.3.0.3}{\376\377\0003\000.\0000\000.\0003\000\040\0003\000.\000\040\000P\000l\000a\000n\000k\000l\000i\000n\000e\000\040\000S\000c\000r\000i\000p\000t\000s}{subsection.3.0.1}% 26
\BOOKMARK [0][-]{chapter.4}{\376\377\0004\000\040\000D\000o\000c\000u\000m\000e\000n\000t\000a\000t\000i\000o\000n\000\040\000f\000o\000r\000\040\000U\000A\000F\000-\000P\000l\000a\000n\000k\000l\000i\000n\000e}{}% 27
\BOOKMARK [1][-]{section.4.1}{\376\377\0004\000.\0001\000\040\000I\000n\000s\000t\000a\000l\000l\000a\000t\000i\000o\000n}{chapter.4}% 28
\BOOKMARK [1][-]{section.4.2}{\376\377\0004\000.\0002\000\040\000S\000e\000g\000m\000e\000n\000t\000a\000t\000i\000o\000n\000\040\000\050\000M\000S\000E\000R\000\051}{chapter.4}% 29
\BOOKMARK [1][-]{section.4.3}{\376\377\0004\000.\0003\000\040\000T\000r\000a\000i\000n\000i\000n\000g}{chapter.4}% 30
\BOOKMARK [1][-]{section.4.4}{\376\377\0004\000.\0004\000\040\000C\000l\000a\000s\000s\000i\000f\000i\000c\000a\000t\000i\000o\000n}{chapter.4}% 31
\BOOKMARK [2][-]{subsection.4.4.1}{\376\377\0004\000.\0004\000.\0001\000\040\000R\000e\000f\000e\000r\000e\000n\000c\000e\000s}{section.4.4}% 32
\BOOKMARK [0][-]{chapter.5}{\376\377\0005\000\040\000P\000l\000a\000n\000k\000l\000i\000n\000e\000\040\000S\000c\000r\000i\000p\000t\000s}{}% 33
\BOOKMARK [1][-]{section.5.1}{\376\377\0005\000.\0001\000\040\000S\000e\000t\000u\000p\000\040\000a\000n\000d\000\040\000D\000o\000c\000u\000m\000e\000n\000t\000a\000t\000i\000o\000n}{chapter.5}% 34
\BOOKMARK [1][-]{section.5.2}{\376\377\0005\000.\0002\000\040\000Q\000u\000i\000c\000k\000\040\000s\000t\000a\000r\000t}{chapter.5}% 35
\BOOKMARK [0][-]{chapter.6}{\376\377\0006\000\040\000N\000a\000m\000e\000s\000p\000a\000c\000e\000\040\000I\000n\000d\000e\000x}{}% 36
\BOOKMARK [1][-]{section.6.1}{\376\377\0006\000.\0001\000\040\000N\000a\000m\000e\000s\000p\000a\000c\000e\000\040\000L\000i\000s\000t}{chapter.6}% 37
\BOOKMARK [0][-]{chapter.7}{\376\377\0007\000\040\000N\000a\000m\000e\000s\000p\000a\000c\000e\000\040\000D\000o\000c\000u\000m\000e\000n\000t\000a\000t\000i\000o\000n}{}% 38
\BOOKMARK [1][-]{section.7.1}{\376\377\0007\000.\0001\000\040\000c\000l\000a\000s\000s\000i\000f\000i\000c\000a\000t\000i\000o\000n\000\040\000N\000a\000m\000e\000s\000p\000a\000c\000e\000\040\000R\000e\000f\000e\000r\000e\000n\000c\000e}{chapter.7}% 39
\BOOKMARK [2][-]{subsection.7.1.1}{\376\377\0007\000.\0001\000.\0001\000\040\000D\000e\000t\000a\000i\000l\000e\000d\000\040\000D\000e\000s\000c\000r\000i\000p\000t\000i\000o\000n}{section.7.1}% 40
\BOOKMARK [2][-]{subsection.7.1.2}{\376\377\0007\000.\0001\000.\0002\000\040\000F\000u\000n\000c\000t\000i\000o\000n\000\040\000D\000o\000c\000u\000m\000e\000n\000t\000a\000t\000i\000o\000n}{section.7.1}% 41
\BOOKMARK [3][-]{subsubsection.7.1.2.1}{\376\377\0007\000.\0001\000.\0002\000.\0001\000\040\000c\000l\000a\000s\000s\000i\000f\000y\000\050\000\051}{subsection.7.1.2}% 42
\BOOKMARK [1][-]{section.7.2}{\376\377\0007\000.\0002\000\040\000c\000l\000e\000a\000n\000u\000p\000\040\000N\000a\000m\000e\000s\000p\000a\000c\000e\000\040\000R\000e\000f\000e\000r\000e\000n\000c\000e}{chapter.7}% 43
\BOOKMARK [2][-]{subsection.7.2.1}{\376\377\0007\000.\0002\000.\0001\000\040\000D\000e\000t\000a\000i\000l\000e\000d\000\040\000D\000e\000s\000c\000r\000i\000p\000t\000i\000o\000n}{section.7.2}% 44
\BOOKMARK [1][-]{section.7.3}{\376\377\0007\000.\0003\000\040\000p\000u\000l\000l\000\137\000a\000l\000l\000\040\000N\000a\000m\000e\000s\000p\000a\000c\000e\000\040\000R\000e\000f\000e\000r\000e\000n\000c\000e}{chapter.7}% 45
\BOOKMARK [2][-]{subsection.7.3.1}{\376\377\0007\000.\0003\000.\0001\000\040\000D\000e\000t\000a\000i\000l\000e\000d\000\040\000D\000e\000s\000c\000r\000i\000p\000t\000i\000o\000n}{section.7.3}% 46
\BOOKMARK [1][-]{section.7.4}{\376\377\0007\000.\0004\000\040\000s\000e\000g\000m\000e\000n\000t\000a\000t\000i\000o\000n\000\040\000N\000a\000m\000e\000s\000p\000a\000c\000e\000\040\000R\000e\000f\000e\000r\000e\000n\000c\000e}{chapter.7}% 47
\BOOKMARK [2][-]{subsection.7.4.1}{\376\377\0007\000.\0004\000.\0001\000\040\000D\000e\000t\000a\000i\000l\000e\000d\000\040\000D\000e\000s\000c\000r\000i\000p\000t\000i\000o\000n}{section.7.4}% 48
\BOOKMARK [2][-]{subsection.7.4.2}{\376\377\0007\000.\0004\000.\0002\000\040\000F\000u\000n\000c\000t\000i\000o\000n\000\040\000D\000o\000c\000u\000m\000e\000n\000t\000a\000t\000i\000o\000n}{section.7.4}% 49
\BOOKMARK [3][-]{subsubsection.7.4.2.1}{\376\377\0007\000.\0004\000.\0002\000.\0001\000\040\000F\000i\000x\000A\000v\000i\000N\000a\000m\000e\000s\000\050\000\051}{subsection.7.4.2}% 50
\BOOKMARK [3][-]{subsubsection.7.4.2.2}{\376\377\0007\000.\0004\000.\0002\000.\0002\000\040\000l\000o\000c\000a\000l\000\137\000m\000a\000i\000n\000\050\000\051}{subsection.7.4.2}% 51
\BOOKMARK [3][-]{subsubsection.7.4.2.3}{\376\377\0007\000.\0004\000.\0002\000.\0003\000\040\000s\000e\000g\000\137\000f\000f\000\050\000\051}{subsection.7.4.2}% 52
\BOOKMARK [1][-]{section.7.5}{\376\377\0007\000.\0005\000\040\000t\000r\000a\000i\000n\000\040\000N\000a\000m\000e\000s\000p\000a\000c\000e\000\040\000R\000e\000f\000e\000r\000e\000n\000c\000e}{chapter.7}% 53
\BOOKMARK [2][-]{subsection.7.5.1}{\376\377\0007\000.\0005\000.\0001\000\040\000D\000e\000t\000a\000i\000l\000e\000d\000\040\000D\000e\000s\000c\000r\000i\000p\000t\000i\000o\000n}{section.7.5}% 54
\BOOKMARK [0][-]{section*.10}{\376\377\000I\000n\000d\000e\000x}{}% 55
